{"/Users/tudor.tacal/Tudor/url-shortner/server/src/app.ts": {"path":"/Users/tudor.tacal/Tudor/url-shortner/server/src/app.ts","statementMap":{"0":{"start":{"line":1,"column":0},"end":{"line":1,"column":32}},"1":{"start":{"line":2,"column":0},"end":{"line":2,"column":34}},"2":{"start":{"line":4,"column":30},"end":{"line":4,"column":54}},"3":{"start":{"line":6,"column":20},"end":{"line":6,"column":170}},"4":{"start":{"line":7,"column":16},"end":{"line":7,"column":67}},"5":{"start":{"line":8,"column":0},"end":{"line":8,"column":40}},"6":{"start":{"line":10,"column":0},"end":{"line":10,"column":31}},"7":{"start":{"line":11,"column":9},"end":{"line":11,"column":28}},"8":{"start":{"line":12,"column":0},"end":{"line":12,"column":73}},"9":{"start":{"line":14,"column":0},"end":{"line":16,"column":2}},"10":{"start":{"line":15,"column":2},"end":{"line":15,"column":59}}},"fnMap":{"0":{"name":"(anonymous_1)","decl":{"start":{"line":14,"column":20},"end":{"line":14,"column":23}},"loc":{"start":{"line":15,"column":2},"end":{"line":15,"column":59}}}},"branchMap":{"0":{"loc":{"start":{"line":4,"column":30},"end":{"line":4,"column":46}},"type":"binary-expr","locations":[{"start":{"line":4,"column":30},"end":{"line":4,"column":46}},{"start":{"line":4,"column":50},"end":{"line":4,"column":54}}]}},"s":{"0":0,"1":0,"2":0,"3":0,"4":0,"5":0,"6":0,"7":0,"8":0,"9":0,"10":0},"f":{"0":0},"b":{"0":[0,0]}}
,"/Users/tudor.tacal/Tudor/url-shortner/server/src/controllers/url/index.ts": {"path":"/Users/tudor.tacal/Tudor/url-shortner/server/src/controllers/url/index.ts","statementMap":{"0":{"start":{"line":2,"column":0},"end":{"line":2,"column":33}},"1":{"start":{"line":4,"column":0},"end":{"line":4,"column":40}},"2":{"start":{"line":5,"column":0},"end":{"line":5,"column":47}},"3":{"start":{"line":7,"column":23},"end":{"line":15,"column":2}},"4":{"start":{"line":7,"column":76},"end":{"line":15,"column":2}},"5":{"start":{"line":8,"column":2},"end":{"line":14,"column":null}},"6":{"start":{"line":9,"column":24},"end":{"line":9,"column":63}},"7":{"start":{"line":10,"column":4},"end":{"line":10,"column":35}},"8":{"start":{"line":12,"column":4},"end":{"line":12,"column":23}},"9":{"start":{"line":13,"column":4},"end":{"line":13,"column":53}},"10":{"start":{"line":7,"column":13},"end":{"line":7,"column":23}},"11":{"start":{"line":17,"column":23},"end":{"line":37,"column":2}},"12":{"start":{"line":17,"column":76},"end":{"line":37,"column":2}},"13":{"start":{"line":18,"column":2},"end":{"line":36,"column":null}},"14":{"start":{"line":21,"column":8},"end":{"line":21,"column":11}},"15":{"start":{"line":22,"column":4},"end":{"line":33,"column":null}},"16":{"start":{"line":23,"column":6},"end":{"line":26,"column":9}},"17":{"start":{"line":28,"column":23},"end":{"line":28,"column":41}},"18":{"start":{"line":29,"column":23},"end":{"line":29,"column":58}},"19":{"start":{"line":30,"column":26},"end":{"line":30,"column":42}},"20":{"start":{"line":31,"column":26},"end":{"line":31,"column":65}},"21":{"start":{"line":32,"column":6},"end":{"line":32,"column":72}},"22":{"start":{"line":35,"column":4},"end":{"line":35,"column":53}},"23":{"start":{"line":17,"column":13},"end":{"line":17,"column":23}}},"fnMap":{"0":{"name":"(anonymous_8)","decl":{"start":{"line":7,"column":23},"end":{"line":7,"column":30}},"loc":{"start":{"line":7,"column":76},"end":{"line":15,"column":2}}},"1":{"name":"(anonymous_9)","decl":{"start":{"line":7,"column":76},"end":{"line":7,"column":null}},"loc":{"start":{"line":7,"column":76},"end":{"line":15,"column":1}}},"2":{"name":"(anonymous_10)","decl":{"start":{"line":17,"column":23},"end":{"line":17,"column":30}},"loc":{"start":{"line":17,"column":76},"end":{"line":37,"column":2}}},"3":{"name":"(anonymous_11)","decl":{"start":{"line":17,"column":76},"end":{"line":17,"column":null}},"loc":{"start":{"line":17,"column":76},"end":{"line":37,"column":1}}}},"branchMap":{"0":{"loc":{"start":{"line":22,"column":4},"end":{"line":33,"column":null}},"type":"if","locations":[{"start":{"line":22,"column":4},"end":{"line":33,"column":null}},{"start":{"line":22,"column":4},"end":{"line":33,"column":null}}]}},"s":{"0":1,"1":1,"2":1,"3":1,"4":1,"5":1,"6":1,"7":0,"8":1,"9":1,"10":1,"11":1,"12":0,"13":0,"14":0,"15":0,"16":0,"17":0,"18":0,"19":0,"20":0,"21":0,"22":0,"23":1},"f":{"0":1,"1":1,"2":0,"3":0},"b":{"0":[0,0]}}
,"/Users/tudor.tacal/Tudor/url-shortner/server/src/models/url.ts": {"path":"/Users/tudor.tacal/Tudor/url-shortner/server/src/models/url.ts","statementMap":{"0":{"start":{"line":2,"column":0},"end":{"line":2,"column":41}},"1":{"start":{"line":4,"column":26},"end":{"line":13,"column":2}},"2":{"start":{"line":15,"column":0},"end":{"line":15,"column":44}}},"fnMap":{},"branchMap":{},"s":{"0":1,"1":1,"2":1},"f":{},"b":{}}
,"/Users/tudor.tacal/Tudor/url-shortner/server/src/routes/index.ts": {"path":"/Users/tudor.tacal/Tudor/url-shortner/server/src/routes/index.ts","statementMap":{"0":{"start":{"line":1,"column":0},"end":{"line":1,"column":33}},"1":{"start":{"line":2,"column":0},"end":{"line":2,"column":54}},"2":{"start":{"line":4,"column":23},"end":{"line":4,"column":31}},"3":{"start":{"line":6,"column":0},"end":{"line":6,"column":29}},"4":{"start":{"line":8,"column":0},"end":{"line":8,"column":29}},"5":{"start":{"line":10,"column":0},"end":{"line":10,"column":22}}},"fnMap":{},"branchMap":{},"s":{"0":1,"1":1,"2":1,"3":1,"4":1,"5":1},"f":{},"b":{}}
,"/Users/tudor.tacal/Tudor/url-shortner/server/src/server/index.ts": {"path":"/Users/tudor.tacal/Tudor/url-shortner/server/src/server/index.ts","statementMap":{"0":{"start":{"line":1,"column":0},"end":{"line":1,"column":43}},"1":{"start":{"line":2,"column":0},"end":{"line":2,"column":24}},"2":{"start":{"line":3,"column":0},"end":{"line":3,"column":34}},"3":{"start":{"line":5,"column":13},"end":{"line":5,"column":41}},"4":{"start":{"line":6,"column":0},"end":{"line":6,"column":27}},"5":{"start":{"line":7,"column":0},"end":{"line":7,"column":19}},"6":{"start":{"line":8,"column":0},"end":{"line":8,"column":22}}},"fnMap":{},"branchMap":{},"s":{"0":1,"1":1,"2":1,"3":1,"4":1,"5":1,"6":1},"f":{},"b":{}}
,"/Users/tudor.tacal/Tudor/url-shortner/server/src/utils/index.ts": {"path":"/Users/tudor.tacal/Tudor/url-shortner/server/src/utils/index.ts","statementMap":{"0":{"start":{"line":1,"column":0},"end":{"line":1,"column":40}},"1":{"start":{"line":3,"column":14},"end":{"line":3,"column":52}},"2":{"start":{"line":4,"column":15},"end":{"line":4,"column":24}},"3":{"start":{"line":5,"column":17},"end":{"line":5,"column":24}},"4":{"start":{"line":6,"column":15},"end":{"line":6,"column":39}},"5":{"start":{"line":8,"column":32},"end":{"line":14,"column":1}},"6":{"start":{"line":13,"column":2},"end":{"line":13,"column":45}},"7":{"start":{"line":8,"column":13},"end":{"line":8,"column":32}}},"fnMap":{"0":{"name":"(anonymous_0)","decl":{"start":{"line":8,"column":32},"end":{"line":8,"column":null}},"loc":{"start":{"line":12,"column":4},"end":{"line":14,"column":1}}}},"branchMap":{"0":{"loc":{"start":{"line":9,"column":11},"end":{"line":9,"column":17}},"type":"default-arg","locations":[{"start":{"line":9,"column":11},"end":{"line":9,"column":17}}]},"1":{"loc":{"start":{"line":10,"column":13},"end":{"line":10,"column":21}},"type":"default-arg","locations":[{"start":{"line":10,"column":13},"end":{"line":10,"column":21}}]},"2":{"loc":{"start":{"line":11,"column":11},"end":{"line":11,"column":19}},"type":"default-arg","locations":[{"start":{"line":11,"column":11},"end":{"line":11,"column":19}}]}},"s":{"0":1,"1":1,"2":1,"3":1,"4":1,"5":1,"6":0,"7":1},"f":{"0":0},"b":{"0":[0],"1":[0],"2":[0]}}
}
